2016-11-16 19:53:11 INFO: Scrapy 1.0.5 started (bot: scrapybot)
2016-11-16 19:53:11 INFO: Optional features available: ssl, http11, boto
2016-11-16 19:53:11 INFO: Overridden settings: {'NEWSPIDER_MODULE': 'example.spiders', 'DUPEFILTER_CLASS': 'scrapy_redis.dupefilter.RFPDupeFilter', 'SPIDER_MODULES': ['example.spiders'], 'REACTOR_THREADPOOL_MAXSIZE': 16, 'USER_AGENT': 'scrapy-redis (+https://github.com/rolando/scrapy-redis)', 'SCHEDULER': 'scrapy_redis.scheduler.Scheduler', 'DOWNLOAD_DELAY': 1}
2016-11-16 19:53:11 INFO: Enabled extensions: CloseSpider, TelnetConsole, LogStats, CoreStats, SpiderState
2016-11-16 19:53:11 INFO: Reading start URLs from redis key 'template_spider:start_urls' (batch size: 16)
2016-11-16 19:53:12 DEBUG: Retrieving credentials from metadata server.
2016-11-16 19:53:13 ERROR: Caught exception reading instance data
Traceback (most recent call last):
  File "/usr/lib/python2.7/dist-packages/boto/utils.py", line 210, in retry_url
    r = opener.open(req, timeout=timeout)
  File "/usr/lib/python2.7/urllib2.py", line 429, in open
    response = self._open(req, data)
  File "/usr/lib/python2.7/urllib2.py", line 447, in _open
    '_open', req)
  File "/usr/lib/python2.7/urllib2.py", line 407, in _call_chain
    result = func(*args)
  File "/usr/lib/python2.7/urllib2.py", line 1228, in http_open
    return self.do_open(httplib.HTTPConnection, req)
  File "/usr/lib/python2.7/urllib2.py", line 1198, in do_open
    raise URLError(err)
URLError: <urlopen error timed out>
2016-11-16 19:53:13 ERROR: Unable to read instance data, giving up
2016-11-16 19:53:13 INFO: Enabled downloader middlewares: HttpAuthMiddleware, DownloadTimeoutMiddleware, UserAgentMiddleware, RetryMiddleware, DefaultHeadersMiddleware, MetaRefreshMiddleware, HttpCompressionMiddleware, RedirectMiddleware, CookiesMiddleware, ChunkedTransferMiddleware, DownloaderStats
2016-11-16 19:53:13 INFO: Enabled spider middlewares: HttpErrorMiddleware, OffsiteMiddleware, RefererMiddleware, UrlLengthMiddleware, DepthMiddleware
2016-11-16 19:53:13 INFO: Enabled item pipelines: ExamplePipeline, RedisPipeline
2016-11-16 19:53:13 INFO: Spider opened
2016-11-16 19:53:13 INFO: Crawled 0 pages (at 0 pages/min), scraped 0 items (at 0 items/min)
2016-11-16 19:53:13 DEBUG: Telnet console listening on 127.0.0.1:6023
2016-11-16 19:53:13 DEBUG: Read 1 requests from 'template_spider:start_urls'
2016-11-16 19:53:24 DEBUG: Crawled (200) <GET http://www.ehsy.com/> (referer: None)
2016-11-16 19:54:13 INFO: Crawled 1 pages (at 1 pages/min), scraped 0 items (at 0 items/min)
2016-11-16 19:55:13 INFO: Crawled 1 pages (at 0 pages/min), scraped 0 items (at 0 items/min)
2016-11-16 19:56:13 INFO: Crawled 1 pages (at 0 pages/min), scraped 0 items (at 0 items/min)
2016-11-16 19:57:13 INFO: Crawled 1 pages (at 0 pages/min), scraped 0 items (at 0 items/min)
2016-11-16 19:58:13 INFO: Crawled 1 pages (at 0 pages/min), scraped 0 items (at 0 items/min)
2016-11-16 19:59:13 INFO: Crawled 1 pages (at 0 pages/min), scraped 0 items (at 0 items/min)
2016-11-16 20:00:13 INFO: Crawled 1 pages (at 0 pages/min), scraped 0 items (at 0 items/min)
2016-11-16 20:01:13 INFO: Crawled 1 pages (at 0 pages/min), scraped 0 items (at 0 items/min)
2016-11-16 20:02:13 INFO: Crawled 1 pages (at 0 pages/min), scraped 0 items (at 0 items/min)
2016-11-16 20:03:13 INFO: Crawled 1 pages (at 0 pages/min), scraped 0 items (at 0 items/min)
2016-11-16 20:04:13 INFO: Crawled 1 pages (at 0 pages/min), scraped 0 items (at 0 items/min)
2016-11-16 20:05:13 INFO: Crawled 1 pages (at 0 pages/min), scraped 0 items (at 0 items/min)
2016-11-16 20:06:13 INFO: Crawled 1 pages (at 0 pages/min), scraped 0 items (at 0 items/min)
2016-11-16 20:07:13 INFO: Crawled 1 pages (at 0 pages/min), scraped 0 items (at 0 items/min)
2016-11-16 20:08:13 INFO: Crawled 1 pages (at 0 pages/min), scraped 0 items (at 0 items/min)
2016-11-16 20:09:13 INFO: Crawled 1 pages (at 0 pages/min), scraped 0 items (at 0 items/min)
2016-11-16 20:10:13 INFO: Crawled 1 pages (at 0 pages/min), scraped 0 items (at 0 items/min)
2016-11-16 20:11:13 INFO: Crawled 1 pages (at 0 pages/min), scraped 0 items (at 0 items/min)
2016-11-16 20:12:13 INFO: Crawled 1 pages (at 0 pages/min), scraped 0 items (at 0 items/min)
2016-11-16 20:13:13 INFO: Crawled 1 pages (at 0 pages/min), scraped 0 items (at 0 items/min)
2016-11-16 20:14:13 INFO: Crawled 1 pages (at 0 pages/min), scraped 0 items (at 0 items/min)
2016-11-16 20:15:13 INFO: Crawled 1 pages (at 0 pages/min), scraped 0 items (at 0 items/min)
2016-11-16 20:16:13 INFO: Crawled 1 pages (at 0 pages/min), scraped 0 items (at 0 items/min)
2016-11-16 20:17:13 INFO: Crawled 1 pages (at 0 pages/min), scraped 0 items (at 0 items/min)
2016-11-16 20:18:13 INFO: Crawled 1 pages (at 0 pages/min), scraped 0 items (at 0 items/min)
2016-11-16 20:19:13 INFO: Crawled 1 pages (at 0 pages/min), scraped 0 items (at 0 items/min)
2016-11-16 20:20:13 INFO: Crawled 1 pages (at 0 pages/min), scraped 0 items (at 0 items/min)
2016-11-16 20:21:13 INFO: Crawled 1 pages (at 0 pages/min), scraped 0 items (at 0 items/min)
2016-11-16 20:22:13 INFO: Crawled 1 pages (at 0 pages/min), scraped 0 items (at 0 items/min)
2016-11-16 20:23:13 INFO: Crawled 1 pages (at 0 pages/min), scraped 0 items (at 0 items/min)
2016-11-16 20:24:13 INFO: Crawled 1 pages (at 0 pages/min), scraped 0 items (at 0 items/min)
2016-11-16 20:25:13 INFO: Crawled 1 pages (at 0 pages/min), scraped 0 items (at 0 items/min)
2016-11-16 20:26:13 INFO: Crawled 1 pages (at 0 pages/min), scraped 0 items (at 0 items/min)
2016-11-16 20:27:13 INFO: Crawled 1 pages (at 0 pages/min), scraped 0 items (at 0 items/min)
2016-11-16 20:28:13 INFO: Crawled 1 pages (at 0 pages/min), scraped 0 items (at 0 items/min)
2016-11-16 20:29:13 INFO: Crawled 1 pages (at 0 pages/min), scraped 0 items (at 0 items/min)
2016-11-16 20:30:13 INFO: Crawled 1 pages (at 0 pages/min), scraped 0 items (at 0 items/min)
2016-11-16 20:31:13 INFO: Crawled 1 pages (at 0 pages/min), scraped 0 items (at 0 items/min)
2016-11-16 20:32:13 INFO: Crawled 1 pages (at 0 pages/min), scraped 0 items (at 0 items/min)
2016-11-16 20:33:13 INFO: Crawled 1 pages (at 0 pages/min), scraped 0 items (at 0 items/min)
2016-11-16 20:34:13 INFO: Crawled 1 pages (at 0 pages/min), scraped 0 items (at 0 items/min)
2016-11-16 20:34:47 INFO: Received SIGTERM, shutting down gracefully. Send again to force 
2016-11-16 20:34:48 INFO: Closing spider (shutdown)
2016-11-16 20:34:48 INFO: Dumping Scrapy stats:
{'downloader/request_bytes': 232,
 'downloader/request_count': 1,
 'downloader/request_method_count/GET': 1,
 'downloader/response_bytes': 11582,
 'downloader/response_count': 1,
 'downloader/response_status_count/200': 1,
 'finish_reason': 'shutdown',
 'finish_time': datetime.datetime(2016, 11, 16, 12, 34, 48, 173660),
 'log_count/DEBUG': 4,
 'log_count/ERROR': 2,
 'log_count/INFO': 50,
 'response_received_count': 1,
 'scheduler/dequeued/redis': 1,
 'scheduler/enqueued/redis': 1,
 'start_time': datetime.datetime(2016, 11, 16, 11, 53, 13, 761963)}
2016-11-16 20:34:48 INFO: Spider closed (shutdown)
2016-11-16 20:34:48 CRITICAL: Unhandled error in Deferred:
